<?xml version="1.0" encoding="UTF-8"?>
<!-- Generated by org.testng.reporters.JUnitReportReporter -->
<testsuite skipped="0" hostname="Admin-PC" name="com.selenium.seleniumtest.GoogleTest" tests="1" failures="0" timestamp="23 Feb 2019 06:45:44 GMT" time="35.841" errors="0">
  <testcase name="testGoogle" time="35.841" classname="com.selenium.seleniumtest.GoogleTest"/>
</testsuite> <!-- com.selenium.seleniumtest.GoogleTest -->
